<?xml version="1.0" encoding="UTF-8"?>
<!-- Generated by org.testng.reporters.JUnitReportReporter -->
<testsuite skipped="0" hostname="LAPTOP-RVDMUTME" name="com.test.TCOGERT0" tests="1" failures="0" timestamp="09 Feb 2020 20:04:13 GMT" time="2.191" errors="0">
  <testcase name="Getweathedetails" time="2.191" classname="com.test.TCOGERT0"/>
</testsuite> <!-- com.test.TCOGERT0 -->
