<?xml version="1.0" encoding="UTF-8"?>
<!-- Generated by org.testng.reporters.JUnitReportReporter -->
<testsuite skipped="0" hostname="LAPTOP-RVDMUTME" name="com.test_GoogleMap.GoogleMapTest" tests="1" failures="0" timestamp="09 Feb 2020 20:44:17 GMT" time="1.863" errors="0">
  <testcase name="GoogleAPITest" time="1.863" classname="com.test_GoogleMap.GoogleMapTest"/>
</testsuite> <!-- com.test_GoogleMap.GoogleMapTest -->
