<?xml version="1.0" encoding="UTF-8"?>
<!-- Generated by org.testng.reporters.JUnitReportReporter -->
<testsuite skipped="0" hostname="LAPTOP-RVDMUTME" name="com.test.GET_TC001" tests="1" failures="0" timestamp="09 Feb 2020 20:58:00 GMT" time="1.738" errors="0">
  <testcase name="Getweathedetails" time="1.738" classname="com.test.GET_TC001"/>
</testsuite> <!-- com.test.GET_TC001 -->
