<?xml version="1.0" encoding="UTF-8"?>
<!-- Generated by org.testng.reporters.JUnitReportReporter -->
<testsuite skipped="0" hostname="LAPTOP-RVDMUTME" name="com.test_GoogleMap_APIALLHEADER.APIALLHEADER" tests="1" failures="0" timestamp="09 Feb 2020 20:54:58 GMT" time="2.108" errors="0">
  <testcase name="GOOGLEALLHEADER" time="2.108" classname="com.test_GoogleMap_APIALLHEADER.APIALLHEADER"/>
</testsuite> <!-- com.test_GoogleMap_APIALLHEADER.APIALLHEADER -->
