<?xml version="1.0" encoding="UTF-8"?>
<!-- Generated by org.testng.reporters.JUnitReportReporter -->
<testsuite skipped="0" hostname="LAPTOP-RVDMUTME" name="com.test.POSTREQUEST.TC02POST" tests="1" failures="0" timestamp="09 Feb 2020 20:29:19 GMT" time="2.046" errors="0">
  <testcase name="RegistrationAPIPOST" time="2.046" classname="com.test.POSTREQUEST.TC02POST"/>
</testsuite> <!-- com.test.POSTREQUEST.TC02POST -->
